# JRE version: Java(TM) SE Runtime Environment (21.0.8+12) (build 21.0.8+12-LTS-250)
# Java VM: Java HotSpot(TM) 64-Bit Server VM (21.0.8+12-LTS-250, mixed mode, sharing, tiered, compressed oops, compressed class ptrs, g1 gc, windows-amd64)
GC Precious Log:
 CardTable entry size: 512
 Card Set container configuration: InlinePtr #cards 5 size 8 Array Of Cards #cards 12 size 40 Howl #buckets 4 coarsen threshold 1843 Howl Bitmap #cards 512 size 80 coarsen threshold 460 Card regions per heap region 1 cards per card region 2048
 CPUs: 12 total, 12 available
 Memory: 7863M
 Large Page Support: Disabled
 NUMA Support: Disabled
 Compressed Oops: Enabled (32-bit)
 Heap Region Size: 1M
 Heap Min Capacity: 8M
 Heap Initial Capacity: 124M
 Heap Max Capacity: 1966M
 Pre-touch: Disabled
 Parallel Workers: 10
 Concurrent Workers: 3
 Concurrent Refinement Workers: 10
 Periodic GC: Disabled
Heap:
 garbage-first heap   total 175104K, used 105472K [0x0000000085200000, 0x0000000100000000)
  region size 1024K, 29 young (29696K), 2 survivors (2048K)
 Metaspace       used 29844K, committed 30208K, reserved 1114112K
  class space    used 3295K, committed 3456K, reserved 1048576K
GC Heap History (20 events):
Event: 10.304 GC heap before
{Heap before GC invocations=4 (full 0):
 garbage-first heap   total 126976K, used 87449K [0x0000000085200000, 0x0000000100000000)
  region size 1024K, 74 young (75776K), 4 survivors (4096K)
 Metaspace       used 18226K, committed 18496K, reserved 1114112K
  class space    used 2005K, committed 2112K, reserved 1048576K
}
Event: 10.319 GC heap after
{Heap after GC invocations=5 (full 0):
 garbage-first heap   total 126976K, used 21913K [0x0000000085200000, 0x0000000100000000)
  region size 1024K, 10 young (10240K), 10 survivors (10240K)
 Metaspace       used 18226K, committed 18496K, reserved 1114112K
  class space    used 2005K, committed 2112K, reserved 1048576K
}
Event: 11.215 GC heap before
{Heap before GC invocations=5 (full 0):
 garbage-first heap   total 126976K, used 87449K [0x0000000085200000, 0x0000000100000000)
  region size 1024K, 74 young (75776K), 10 survivors (10240K)
 Metaspace       used 18531K, committed 18816K, reserved 1114112K
  class space    used 2019K, committed 2112K, reserved 1048576K
}
Event: 11.233 GC heap after
{Heap after GC invocations=6 (full 0):
 garbage-first heap   total 126976K, used 25088K [0x0000000085200000, 0x0000000100000000)
  region size 1024K, 3 young (3072K), 3 survivors (3072K)
 Metaspace       used 18531K, committed 18816K, reserved 1114112K
  class space    used 2019K, committed 2112K, reserved 1048576K
}
Event: 12.826 GC heap before
{Heap before GC invocations=6 (full 0):
 garbage-first heap   total 126976K, used 97792K [0x0000000085200000, 0x0000000100000000)
  region size 1024K, 74 young (75776K), 3 survivors (3072K)
 Metaspace       used 18610K, committed 18944K, reserved 1114112K
  class space    used 2022K, committed 2176K, reserved 1048576K
}
Event: 12.836 GC heap after
{Heap after GC invocations=7 (full 0):
 garbage-first heap   total 126976K, used 26112K [0x0000000085200000, 0x0000000100000000)
  region size 1024K, 4 young (4096K), 4 survivors (4096K)
 Metaspace       used 18610K, committed 18944K, reserved 1114112K
  class space    used 2022K, committed 2176K, reserved 1048576K
}
Event: 15.335 GC heap before
{Heap before GC invocations=7 (full 0):
 garbage-first heap   total 126976K, used 100864K [0x0000000085200000, 0x0000000100000000)
  region size 1024K, 74 young (75776K), 4 survivors (4096K)
 Metaspace       used 20955K, committed 21376K, reserved 1114112K
  class space    used 2272K, committed 2432K, reserved 1048576K
}
Event: 15.355 GC heap after
{Heap after GC invocations=8 (full 0):
 garbage-first heap   total 126976K, used 33366K [0x0000000085200000, 0x0000000100000000)
  region size 1024K, 9 young (9216K), 9 survivors (9216K)
 Metaspace       used 20955K, committed 21376K, reserved 1114112K
  class space    used 2272K, committed 2432K, reserved 1048576K
}
Event: 15.562 GC heap before
{Heap before GC invocations=8 (full 0):
 garbage-first heap   total 126976K, used 99926K [0x0000000085200000, 0x0000000100000000)
  region size 1024K, 74 young (75776K), 9 survivors (9216K)
 Metaspace       used 21045K, committed 21440K, reserved 1114112K
  class space    used 2280K, committed 2432K, reserved 1048576K
}
Event: 15.589 GC heap after
{Heap after GC invocations=9 (full 0):
 garbage-first heap   total 126976K, used 31399K [0x0000000085200000, 0x0000000100000000)
  region size 1024K, 3 young (3072K), 3 survivors (3072K)
 Metaspace       used 21045K, committed 21440K, reserved 1114112K
  class space    used 2280K, committed 2432K, reserved 1048576K
}
Event: 15.752 GC heap before
{Heap before GC invocations=9 (full 0):
 garbage-first heap   total 126976K, used 104103K [0x0000000085200000, 0x0000000100000000)
  region size 1024K, 74 young (75776K), 3 survivors (3072K)
 Metaspace       used 21068K, committed 21440K, reserved 1114112K
  class space    used 2281K, committed 2432K, reserved 1048576K
}
Event: 15.764 GC heap after
{Heap after GC invocations=10 (full 0):
 garbage-first heap   total 180224K, used 31754K [0x0000000085200000, 0x0000000100000000)
  region size 1024K, 4 young (4096K), 4 survivors (4096K)
 Metaspace       used 21068K, committed 21440K, reserved 1114112K
  class space    used 2281K, committed 2432K, reserved 1048576K
}
Event: 16.174 GC heap before
{Heap before GC invocations=10 (full 0):
 garbage-first heap   total 180224K, used 111626K [0x0000000085200000, 0x0000000100000000)
  region size 1024K, 84 young (86016K), 4 survivors (4096K)
 Metaspace       used 21212K, committed 21504K, reserved 1114112K
  class space    used 2291K, committed 2432K, reserved 1048576K
}
Event: 16.178 GC heap after
{Heap after GC invocations=11 (full 0):
 garbage-first heap   total 180224K, used 29288K [0x0000000085200000, 0x0000000100000000)
  region size 1024K, 1 young (1024K), 1 survivors (1024K)
 Metaspace       used 21212K, committed 21504K, reserved 1114112K
  class space    used 2291K, committed 2432K, reserved 1048576K
}
Event: 17.976 GC heap before
{Heap before GC invocations=12 (full 0):
 garbage-first heap   total 102400K, used 100968K [0x0000000085200000, 0x0000000100000000)
  region size 1024K, 69 young (70656K), 1 survivors (1024K)
 Metaspace       used 21793K, committed 22144K, reserved 1114112K
  class space    used 2347K, committed 2496K, reserved 1048576K
}
Event: 18.005 GC heap after
{Heap after GC invocations=13 (full 0):
 garbage-first heap   total 125952K, used 54230K [0x0000000085200000, 0x0000000100000000)
  region size 1024K, 14 young (14336K), 14 survivors (14336K)
 Metaspace       used 21793K, committed 22144K, reserved 1114112K
  class space    used 2347K, committed 2496K, reserved 1048576K
}
Event: 20.422 GC heap before
{Heap before GC invocations=13 (full 0):
 garbage-first heap   total 125952K, used 115670K [0x0000000085200000, 0x0000000100000000)
  region size 1024K, 62 young (63488K), 14 survivors (14336K)
 Metaspace       used 29620K, committed 30080K, reserved 1114112K
  class space    used 3268K, committed 3456K, reserved 1048576K
}
Event: 20.467 GC heap after
{Heap after GC invocations=14 (full 0):
 garbage-first heap   total 141312K, used 73728K [0x0000000085200000, 0x0000000100000000)
  region size 1024K, 8 young (8192K), 8 survivors (8192K)
 Metaspace       used 29620K, committed 30080K, reserved 1114112K
  class space    used 3268K, committed 3456K, reserved 1048576K
}
Event: 20.607 GC heap before
{Heap before GC invocations=14 (full 0):
 garbage-first heap   total 141312K, used 75776K [0x0000000085200000, 0x0000000100000000)
  region size 1024K, 11 young (11264K), 8 survivors (8192K)
 Metaspace       used 29700K, committed 30144K, reserved 1114112K
  class space    used 3278K, committed 3456K, reserved 1048576K
}
Event: 20.620 GC heap after
{Heap after GC invocations=15 (full 0):
 garbage-first heap   total 175104K, used 76800K [0x0000000085200000, 0x0000000100000000)
  region size 1024K, 2 young (2048K), 2 survivors (2048K)
 Metaspace       used 29700K, committed 30144K, reserved 1114112K
  class space    used 3278K, committed 3456K, reserved 1048576K
}

