# JRE version: Java(TM) SE Runtime Environment (21.0.8+12) (build 21.0.8+12-LTS-250)
# Java VM: Java HotSpot(TM) 64-Bit Server VM (21.0.8+12-LTS-250, mixed mode, sharing, tiered, compressed oops, compressed class ptrs, g1 gc, windows-amd64)
GC Precious Log:
 CardTable entry size: 512
 Card Set container configuration: InlinePtr #cards 5 size 8 Array Of Cards #cards 12 size 40 Howl #buckets 4 coarsen threshold 1843 Howl Bitmap #cards 512 size 80 coarsen threshold 460 Card regions per heap region 1 cards per card region 2048
 CPUs: 12 total, 12 available
 Memory: 7863M
 Large Page Support: Disabled
 NUMA Support: Disabled
 Compressed Oops: Enabled (32-bit)
 Heap Region Size: 1M
 Heap Min Capacity: 8M
 Heap Initial Capacity: 124M
 Heap Max Capacity: 1966M
 Pre-touch: Disabled
 Parallel Workers: 10
 Concurrent Workers: 3
 Concurrent Refinement Workers: 10
 Periodic GC: Disabled
Heap:
 garbage-first heap   total 145408K, used 72192K [0x0000000085200000, 0x0000000100000000)
  region size 1024K, 8 young (8192K), 8 survivors (8192K)
 Metaspace       used 29624K, committed 30080K, reserved 1114112K
  class space    used 3277K, committed 3456K, reserved 1048576K
GC Heap History (20 events):
Event: 2.547 GC heap after
{Heap after GC invocations=3 (full 0):
 garbage-first heap   total 126976K, used 11449K [0x0000000085200000, 0x0000000100000000)
  region size 1024K, 8 young (8192K), 8 survivors (8192K)
 Metaspace       used 15334K, committed 15680K, reserved 1114112K
  class space    used 1775K, committed 1920K, reserved 1048576K
}
Event: 3.393 GC heap before
{Heap before GC invocations=3 (full 0):
 garbage-first heap   total 126976K, used 79033K [0x0000000085200000, 0x0000000100000000)
  region size 1024K, 74 young (75776K), 8 survivors (8192K)
 Metaspace       used 15846K, committed 16128K, reserved 1114112K
  class space    used 1783K, committed 1920K, reserved 1048576K
}
Event: 3.407 GC heap after
{Heap after GC invocations=4 (full 0):
 garbage-first heap   total 126976K, used 15756K [0x0000000085200000, 0x0000000100000000)
  region size 1024K, 4 young (4096K), 4 survivors (4096K)
 Metaspace       used 15846K, committed 16128K, reserved 1114112K
  class space    used 1783K, committed 1920K, reserved 1048576K
}
Event: 4.629 GC heap before
{Heap before GC invocations=4 (full 0):
 garbage-first heap   total 126976K, used 87436K [0x0000000085200000, 0x0000000100000000)
  region size 1024K, 74 young (75776K), 4 survivors (4096K)
 Metaspace       used 18166K, committed 18432K, reserved 1114112K
  class space    used 2011K, committed 2112K, reserved 1048576K
}
Event: 4.638 GC heap after
{Heap after GC invocations=5 (full 0):
 garbage-first heap   total 126976K, used 21900K [0x0000000085200000, 0x0000000100000000)
  region size 1024K, 10 young (10240K), 10 survivors (10240K)
 Metaspace       used 18166K, committed 18432K, reserved 1114112K
  class space    used 2011K, committed 2112K, reserved 1048576K
}
Event: 5.481 GC heap before
{Heap before GC invocations=5 (full 0):
 garbage-first heap   total 126976K, used 87436K [0x0000000085200000, 0x0000000100000000)
  region size 1024K, 74 young (75776K), 10 survivors (10240K)
 Metaspace       used 18470K, committed 18816K, reserved 1114112K
  class space    used 2021K, committed 2176K, reserved 1048576K
}
Event: 5.491 GC heap after
{Heap after GC invocations=6 (full 0):
 garbage-first heap   total 126976K, used 24576K [0x0000000085200000, 0x0000000100000000)
  region size 1024K, 3 young (3072K), 3 survivors (3072K)
 Metaspace       used 18470K, committed 18816K, reserved 1114112K
  class space    used 2021K, committed 2176K, reserved 1048576K
}
Event: 6.324 GC heap before
{Heap before GC invocations=6 (full 0):
 garbage-first heap   total 126976K, used 97280K [0x0000000085200000, 0x0000000100000000)
  region size 1024K, 74 young (75776K), 3 survivors (3072K)
 Metaspace       used 18544K, committed 18880K, reserved 1114112K
  class space    used 2024K, committed 2176K, reserved 1048576K
}
Event: 6.329 GC heap after
{Heap after GC invocations=7 (full 0):
 garbage-first heap   total 152576K, used 25360K [0x0000000085200000, 0x0000000100000000)
  region size 1024K, 4 young (4096K), 4 survivors (4096K)
 Metaspace       used 18544K, committed 18880K, reserved 1114112K
  class space    used 2024K, committed 2176K, reserved 1048576K
}
Event: 7.603 GC heap before
{Heap before GC invocations=7 (full 0):
 garbage-first heap   total 152576K, used 115472K [0x0000000085200000, 0x0000000100000000)
  region size 1024K, 89 young (91136K), 4 survivors (4096K)
 Metaspace       used 20984K, committed 21312K, reserved 1114112K
  class space    used 2282K, committed 2432K, reserved 1048576K
}
Event: 7.610 GC heap after
{Heap after GC invocations=8 (full 0):
 garbage-first heap   total 152576K, used 33651K [0x0000000085200000, 0x0000000100000000)
  region size 1024K, 9 young (9216K), 9 survivors (9216K)
 Metaspace       used 20984K, committed 21312K, reserved 1114112K
  class space    used 2282K, committed 2432K, reserved 1048576K
}
Event: 7.766 GC heap before
{Heap before GC invocations=8 (full 0):
 garbage-first heap   total 152576K, used 115571K [0x0000000085200000, 0x0000000100000000)
  region size 1024K, 89 young (91136K), 9 survivors (9216K)
 Metaspace       used 21022K, committed 21376K, reserved 1114112K
  class space    used 2284K, committed 2432K, reserved 1048576K
}
Event: 7.776 GC heap after
{Heap after GC invocations=9 (full 0):
 garbage-first heap   total 152576K, used 30623K [0x0000000085200000, 0x0000000100000000)
  region size 1024K, 7 young (7168K), 7 survivors (7168K)
 Metaspace       used 21022K, committed 21376K, reserved 1114112K
  class space    used 2284K, committed 2432K, reserved 1048576K
}
Event: 7.896 GC heap before
{Heap before GC invocations=9 (full 0):
 garbage-first heap   total 152576K, used 114591K [0x0000000085200000, 0x0000000100000000)
  region size 1024K, 89 young (91136K), 7 survivors (7168K)
 Metaspace       used 21034K, committed 21376K, reserved 1114112K
  class space    used 2284K, committed 2432K, reserved 1048576K
}
Event: 7.902 GC heap after
{Heap after GC invocations=10 (full 0):
 garbage-first heap   total 152576K, used 30152K [0x0000000085200000, 0x0000000100000000)
  region size 1024K, 6 young (6144K), 6 survivors (6144K)
 Metaspace       used 21034K, committed 21376K, reserved 1114112K
  class space    used 2284K, committed 2432K, reserved 1048576K
}
Event: 8.035 GC heap before
{Heap before GC invocations=10 (full 0):
 garbage-first heap   total 152576K, used 63944K [0x0000000085200000, 0x0000000100000000)
  region size 1024K, 40 young (40960K), 6 survivors (6144K)
 Metaspace       used 21211K, committed 21504K, reserved 1114112K
  class space    used 2298K, committed 2432K, reserved 1048576K
}
Event: 8.038 GC heap after
{Heap after GC invocations=11 (full 0):
 garbage-first heap   total 152576K, used 27472K [0x0000000085200000, 0x0000000100000000)
  region size 1024K, 4 young (4096K), 4 survivors (4096K)
 Metaspace       used 21211K, committed 21504K, reserved 1114112K
  class space    used 2298K, committed 2432K, reserved 1048576K
}
Event: 9.171 GC heap before
{Heap before GC invocations=12 (full 0):
 garbage-first heap   total 99328K, used 98128K [0x0000000085200000, 0x0000000100000000)
  region size 1024K, 70 young (71680K), 4 survivors (4096K)
 Metaspace       used 21749K, committed 22080K, reserved 1114112K
  class space    used 2349K, committed 2496K, reserved 1048576K
}
Event: 9.201 GC heap after
{Heap after GC invocations=13 (full 0):
 garbage-first heap   total 123904K, used 51516K [0x0000000085200000, 0x0000000100000000)
  region size 1024K, 12 young (12288K), 12 survivors (12288K)
 Metaspace       used 21749K, committed 22080K, reserved 1114112K
  class space    used 2349K, committed 2496K, reserved 1048576K
}
Event: 11.378 GC heap before
{Heap before GC invocations=13 (full 0):
 garbage-first heap   total 123904K, used 115004K [0x0000000085200000, 0x0000000100000000)
  region size 1024K, 63 young (64512K), 12 survivors (12288K)
 Metaspace       used 29624K, committed 30080K, reserved 1114112K
  class space    used 3277K, committed 3456K, reserved 1048576K
}

