# JRE version: Java(TM) SE Runtime Environment (21.0.8+12) (build 21.0.8+12-LTS-250)
# Java VM: Java HotSpot(TM) 64-Bit Server VM (21.0.8+12-LTS-250, mixed mode, sharing, tiered, compressed oops, compressed class ptrs, g1 gc, windows-amd64)
GC Precious Log:
 CardTable entry size: 512
 Card Set container configuration: InlinePtr #cards 5 size 8 Array Of Cards #cards 12 size 40 Howl #buckets 4 coarsen threshold 1843 Howl Bitmap #cards 512 size 80 coarsen threshold 460 Card regions per heap region 1 cards per card region 2048
 CPUs: 12 total, 12 available
 Memory: 7863M
 Large Page Support: Disabled
 NUMA Support: Disabled
 Compressed Oops: Enabled (32-bit)
 Heap Region Size: 1M
 Heap Min Capacity: 8M
 Heap Initial Capacity: 124M
 Heap Max Capacity: 1966M
 Pre-touch: Disabled
 Parallel Workers: 10
 Concurrent Workers: 3
 Concurrent Refinement Workers: 10
 Periodic GC: Disabled
Heap:
 garbage-first heap   total 195584K, used 80874K [0x0000000085200000, 0x0000000100000000)
  region size 1024K, 11 young (11264K), 9 survivors (9216K)
 Metaspace       used 29754K, committed 30144K, reserved 1114112K
  class space    used 3285K, committed 3456K, reserved 1048576K
GC Heap History (20 events):
Event: 4.946 GC heap before
{Heap before GC invocations=3 (full 0):
 garbage-first heap   total 126976K, used 79431K [0x0000000085200000, 0x0000000100000000)
  region size 1024K, 74 young (75776K), 8 survivors (8192K)
 Metaspace       used 15942K, committed 16256K, reserved 1114112K
  class space    used 1781K, committed 1920K, reserved 1048576K
}
Event: 4.966 GC heap after
{Heap after GC invocations=4 (full 0):
 garbage-first heap   total 126976K, used 15246K [0x0000000085200000, 0x0000000100000000)
  region size 1024K, 4 young (4096K), 4 survivors (4096K)
 Metaspace       used 15942K, committed 16256K, reserved 1114112K
  class space    used 1781K, committed 1920K, reserved 1048576K
}
Event: 7.926 GC heap before
{Heap before GC invocations=4 (full 0):
 garbage-first heap   total 126976K, used 86926K [0x0000000085200000, 0x0000000100000000)
  region size 1024K, 74 young (75776K), 4 survivors (4096K)
 Metaspace       used 18245K, committed 18496K, reserved 1114112K
  class space    used 2009K, committed 2112K, reserved 1048576K
}
Event: 7.944 GC heap after
{Heap after GC invocations=5 (full 0):
 garbage-first heap   total 126976K, used 21902K [0x0000000085200000, 0x0000000100000000)
  region size 1024K, 10 young (10240K), 10 survivors (10240K)
 Metaspace       used 18245K, committed 18496K, reserved 1114112K
  class space    used 2009K, committed 2112K, reserved 1048576K
}
Event: 9.590 GC heap before
{Heap before GC invocations=5 (full 0):
 garbage-first heap   total 126976K, used 87438K [0x0000000085200000, 0x0000000100000000)
  region size 1024K, 74 young (75776K), 10 survivors (10240K)
 Metaspace       used 18530K, committed 18880K, reserved 1114112K
  class space    used 2021K, committed 2176K, reserved 1048576K
}
Event: 9.613 GC heap after
{Heap after GC invocations=6 (full 0):
 garbage-first heap   total 126976K, used 25088K [0x0000000085200000, 0x0000000100000000)
  region size 1024K, 3 young (3072K), 3 survivors (3072K)
 Metaspace       used 18530K, committed 18880K, reserved 1114112K
  class space    used 2021K, committed 2176K, reserved 1048576K
}
Event: 10.782 GC heap before
{Heap before GC invocations=6 (full 0):
 garbage-first heap   total 126976K, used 97792K [0x0000000085200000, 0x0000000100000000)
  region size 1024K, 74 young (75776K), 3 survivors (3072K)
 Metaspace       used 18609K, committed 18944K, reserved 1114112K
  class space    used 2023K, committed 2176K, reserved 1048576K
}
Event: 10.790 GC heap after
{Heap after GC invocations=7 (full 0):
 garbage-first heap   total 152576K, used 26112K [0x0000000085200000, 0x0000000100000000)
  region size 1024K, 4 young (4096K), 4 survivors (4096K)
 Metaspace       used 18609K, committed 18944K, reserved 1114112K
  class space    used 2023K, committed 2176K, reserved 1048576K
}
Event: 14.498 GC heap before
{Heap before GC invocations=7 (full 0):
 garbage-first heap   total 152576K, used 116224K [0x0000000085200000, 0x0000000100000000)
  region size 1024K, 89 young (91136K), 4 survivors (4096K)
 Metaspace       used 21042K, committed 21376K, reserved 1114112K
  class space    used 2286K, committed 2432K, reserved 1048576K
}
Event: 14.510 GC heap after
{Heap after GC invocations=8 (full 0):
 garbage-first heap   total 152576K, used 37376K [0x0000000085200000, 0x0000000100000000)
  region size 1024K, 12 young (12288K), 12 survivors (12288K)
 Metaspace       used 21042K, committed 21376K, reserved 1114112K
  class space    used 2286K, committed 2432K, reserved 1048576K
}
Event: 14.672 GC heap before
{Heap before GC invocations=8 (full 0):
 garbage-first heap   total 152576K, used 116224K [0x0000000085200000, 0x0000000100000000)
  region size 1024K, 89 young (91136K), 12 survivors (12288K)
 Metaspace       used 21076K, committed 21440K, reserved 1114112K
  class space    used 2287K, committed 2432K, reserved 1048576K
}
Event: 14.686 GC heap after
{Heap after GC invocations=9 (full 0):
 garbage-first heap   total 152576K, used 30992K [0x0000000085200000, 0x0000000100000000)
  region size 1024K, 3 young (3072K), 3 survivors (3072K)
 Metaspace       used 21076K, committed 21440K, reserved 1114112K
  class space    used 2287K, committed 2432K, reserved 1048576K
}
Event: 14.905 GC heap before
{Heap before GC invocations=9 (full 0):
 garbage-first heap   total 152576K, used 119056K [0x0000000085200000, 0x0000000100000000)
  region size 1024K, 89 young (91136K), 3 survivors (3072K)
 Metaspace       used 21092K, committed 21440K, reserved 1114112K
  class space    used 2287K, committed 2432K, reserved 1048576K
}
Event: 14.909 GC heap after
{Heap after GC invocations=10 (full 0):
 garbage-first heap   total 152576K, used 31014K [0x0000000085200000, 0x0000000100000000)
  region size 1024K, 3 young (3072K), 3 survivors (3072K)
 Metaspace       used 21092K, committed 21440K, reserved 1114112K
  class space    used 2287K, committed 2432K, reserved 1048576K
}
Event: 15.149 GC heap before
{Heap before GC invocations=10 (full 0):
 garbage-first heap   total 152576K, used 64806K [0x0000000085200000, 0x0000000100000000)
  region size 1024K, 37 young (37888K), 3 survivors (3072K)
 Metaspace       used 21204K, committed 21504K, reserved 1114112K
  class space    used 2295K, committed 2432K, reserved 1048576K
}
Event: 15.153 GC heap after
{Heap after GC invocations=11 (full 0):
 garbage-first heap   total 152576K, used 29787K [0x0000000085200000, 0x0000000100000000)
  region size 1024K, 2 young (2048K), 2 survivors (2048K)
 Metaspace       used 21204K, committed 21504K, reserved 1114112K
  class space    used 2295K, committed 2432K, reserved 1048576K
}
Event: 17.066 GC heap before
{Heap before GC invocations=12 (full 0):
 garbage-first heap   total 106496K, used 104539K [0x0000000085200000, 0x0000000100000000)
  region size 1024K, 73 young (74752K), 2 survivors (2048K)
 Metaspace       used 21807K, committed 22144K, reserved 1114112K
  class space    used 2352K, committed 2496K, reserved 1048576K
}
Event: 17.111 GC heap after
{Heap after GC invocations=13 (full 0):
 garbage-first heap   total 130048K, used 54506K [0x0000000085200000, 0x0000000100000000)
  region size 1024K, 12 young (12288K), 12 survivors (12288K)
 Metaspace       used 21807K, committed 22144K, reserved 1114112K
  class space    used 2352K, committed 2496K, reserved 1048576K
}
Event: 20.413 GC heap before
{Heap before GC invocations=13 (full 0):
 garbage-first heap   total 130048K, used 123114K [0x0000000085200000, 0x0000000100000000)
  region size 1024K, 66 young (67584K), 12 survivors (12288K)
 Metaspace       used 29747K, committed 30144K, reserved 1114112K
  class space    used 3285K, committed 3456K, reserved 1048576K
}
Event: 20.452 GC heap after
{Heap after GC invocations=14 (full 0):
 garbage-first heap   total 195584K, used 79850K [0x0000000085200000, 0x0000000100000000)
  region size 1024K, 9 young (9216K), 9 survivors (9216K)
 Metaspace       used 29747K, committed 30144K, reserved 1114112K
  class space    used 3285K, committed 3456K, reserved 1048576K
}

